step 1 launching with inputs scope and file as follows:
/scratch/ejdennis/cm2_brains/E154/488
smartspim
about to import workspace
Traceback (most recent call last):
  File "/usr/people/ejdennis/.conda/envs/cm2/lib/python3.6/site-packages/pyximport/pyximport.py", line 216, in load_module
    mod = imp.load_dynamic(name, so_path)
  File "/usr/people/ejdennis/.conda/envs/cm2/lib/python3.6/imp.py", line 343, in load_dynamic
    return _load(spec)
ImportError: /usr/people/ejdennis/.pyxbld/lib.linux-x86_64-3.6/ArrayProcessingCode.cpython-36m-x86_64-linux-gnu.so.reload1: file too short

During handling of the above exception, another exception occurred:

Traceback (most recent call last):
  File "cell_detect.py", line 11, in <module>
    import ClearMap.IO.Workspace as wsp
  File "/scratch/ejdennis/rat_BrainPipe/ClearMap2/ClearMap/IO/Workspace.py", line 33, in <module>
    import ClearMap.ParallelProcessing.DataProcessing.ArrayProcessing as ap
  File "/scratch/ejdennis/rat_BrainPipe/ClearMap2/ClearMap/ParallelProcessing/DataProcessing/ArrayProcessing.py", line 45, in <module>
    import ClearMap.ParallelProcessing.DataProcessing.ArrayProcessingCode as code
  File "/usr/people/ejdennis/.conda/envs/cm2/lib/python3.6/site-packages/pyximport/pyximport.py", line 462, in load_module
    language_level=self.language_level)
  File "/usr/people/ejdennis/.conda/envs/cm2/lib/python3.6/site-packages/pyximport/pyximport.py", line 231, in load_module
    raise exc.with_traceback(tb)
  File "/usr/people/ejdennis/.conda/envs/cm2/lib/python3.6/site-packages/pyximport/pyximport.py", line 216, in load_module
    mod = imp.load_dynamic(name, so_path)
  File "/usr/people/ejdennis/.conda/envs/cm2/lib/python3.6/imp.py", line 343, in load_dynamic
    return _load(spec)
ImportError: Building module ClearMap.ParallelProcessing.DataProcessing.ArrayProcessingCode failed: ['ImportError: /usr/people/ejdennis/.pyxbld/lib.linux-x86_64-3.6/ArrayProcessingCode.cpython-36m-x86_64-linux-gnu.so.reload1: file too short\n']
