step 1 launching with inputs scope and file as follows:
/scratch/ejdennis/cm2_brains/X077/642
smartspim
about to import workspace
Traceback (most recent call last):
  File "/usr/people/ejdennis/.conda/envs/cm2/lib/python3.6/site-packages/pyximport/pyximport.py", line 215, in load_module
    inplace=build_inplace, language_level=language_level)
  File "/usr/people/ejdennis/.conda/envs/cm2/lib/python3.6/site-packages/pyximport/pyximport.py", line 192, in build_module
    assert os.path.exists(so_path), "Cannot find: %s" % so_path
AssertionError: Cannot find: /usr/people/ejdennis/.pyxbld/lib.linux-x86_64-3.6/ArrayProcessingCode.cpython-36m-x86_64-linux-gnu.so.reload1

During handling of the above exception, another exception occurred:

Traceback (most recent call last):
  File "cell_detect.py", line 11, in <module>
    import ClearMap.IO.Workspace as wsp
  File "/scratch/ejdennis/rat_BrainPipe/ClearMap2/ClearMap/IO/Workspace.py", line 33, in <module>
    import ClearMap.ParallelProcessing.DataProcessing.ArrayProcessing as ap
  File "/scratch/ejdennis/rat_BrainPipe/ClearMap2/ClearMap/ParallelProcessing/DataProcessing/ArrayProcessing.py", line 45, in <module>
    import ClearMap.ParallelProcessing.DataProcessing.ArrayProcessingCode as code
  File "/usr/people/ejdennis/.conda/envs/cm2/lib/python3.6/site-packages/pyximport/pyximport.py", line 462, in load_module
    language_level=self.language_level)
  File "/usr/people/ejdennis/.conda/envs/cm2/lib/python3.6/site-packages/pyximport/pyximport.py", line 231, in load_module
    raise exc.with_traceback(tb)
  File "/usr/people/ejdennis/.conda/envs/cm2/lib/python3.6/site-packages/pyximport/pyximport.py", line 215, in load_module
    inplace=build_inplace, language_level=language_level)
  File "/usr/people/ejdennis/.conda/envs/cm2/lib/python3.6/site-packages/pyximport/pyximport.py", line 192, in build_module
    assert os.path.exists(so_path), "Cannot find: %s" % so_path
ImportError: Building module ClearMap.ParallelProcessing.DataProcessing.ArrayProcessingCode failed: ['AssertionError: Cannot find: /usr/people/ejdennis/.pyxbld/lib.linux-x86_64-3.6/ArrayProcessingCode.cpython-36m-x86_64-linux-gnu.so.reload1\n']
